<?xml version="1.0" encoding="UTF-8"?>
<!-- Generated by org.testng.reporters.JUnitReportReporter -->
<testsuite hostname="DESKTOP-O6EPDM7" failures="0" tests="1" name="uibank.applyloan" time="8.417" errors="0" timestamp="27 Mar 2021 13:08:39 GMT">
  <testcase classname="uibank.applyloan" name="apply" time="8.417"/>
</testsuite> <!-- uibank.applyloan -->
